<?xml version="1.0" encoding="UTF-8"?>
<!-- Generated by org.testng.reporters.JUnitXMLReporter -->
<testsuite ignored="0" hostname="DESKTOP-AA4PKFL" failures="0" tests="1" name="Default test" time="22.044" errors="0" timestamp="2023-12-19T13:09:42 IST">
  <testcase classname="COM.ASSOS.GENERIC.BaseAppiumClass" name="@BeforeClass openApplication" time="21.914">
    <failure type="org.openqa.selenium.SessionNotCreatedException" message="Could not start a new session. Response code 500. Message: An unknown server-side error occurred while processing the command. Original error: Could not find a connected Android device in 20000ms 
Host info: host: &amp;apos;DESKTOP-AA4PKFL&amp;apos;, ip: &amp;apos;10.10.61.211&amp;apos;
Build info: version: &amp;apos;4.16.1&amp;apos;, revision: &amp;apos;9b4c83354e&amp;apos;
System info: os.name: &amp;apos;Windows 10&amp;apos;, os.arch: &amp;apos;amd64&amp;apos;, os.version: &amp;apos;10.0&amp;apos;, java.version: &amp;apos;17.0.8.1&amp;apos;
Driver info: io.appium.java_client.android.AndroidDriver
Command: [null, newSession {capabilities=[{appium:UDID=88068908, appium:appActivity=com.asos.app.aliases.ExternalDeeplinkAlias, appium:appPackage=com.asos.app, appium:automationName=UiAutomator2, appium:deviceName=RedmiNote 9ProMax, platformName=ANDROID}], desiredCapabilities=Capabilities {UDID: 88068908, appActivity: com.asos.app.aliases.Extern..., appPackage: com.asos.app, automationName: UiAutomator2, deviceName: RedmiNote 9ProMax, platformName: ANDROID}}]
Capabilities {UDID: 88068908, appActivity: com.asos.app.aliases.Extern..., appPackage: com.asos.app, automationName: UiAutomator2, deviceName: RedmiNote 9ProMax, platformName: ANDROID}">
      <![CDATA[org.openqa.selenium.SessionNotCreatedException: Could not start a new session. Response code 500. Message: An unknown server-side error occurred while processing the command. Original error: Could not find a connected Android device in 20000ms 
Host info: host: 'DESKTOP-AA4PKFL', ip: '10.10.61.211'
Build info: version: '4.16.1', revision: '9b4c83354e'
System info: os.name: 'Windows 10', os.arch: 'amd64', os.version: '10.0', java.version: '17.0.8.1'
Driver info: io.appium.java_client.android.AndroidDriver
Command: [null, newSession {capabilities=[{appium:UDID=88068908, appium:appActivity=com.asos.app.aliases.ExternalDeeplinkAlias, appium:appPackage=com.asos.app, appium:automationName=UiAutomator2, appium:deviceName=RedmiNote 9ProMax, platformName=ANDROID}], desiredCapabilities=Capabilities {UDID: 88068908, appActivity: com.asos.app.aliases.Extern..., appPackage: com.asos.app, automationName: UiAutomator2, deviceName: RedmiNote 9ProMax, platformName: ANDROID}}]
Capabilities {UDID: 88068908, appActivity: com.asos.app.aliases.Extern..., appPackage: com.asos.app, automationName: UiAutomator2, deviceName: RedmiNote 9ProMax, platformName: ANDROID}
at org.openqa.selenium.remote.ProtocolHandshake.createSession(ProtocolHandshake.java:140)
at java.base/jdk.internal.reflect.NativeMethodAccessorImpl.invoke0(Native Method)
at java.base/jdk.internal.reflect.NativeMethodAccessorImpl.invoke(NativeMethodAccessorImpl.java:77)
at java.base/jdk.internal.reflect.DelegatingMethodAccessorImpl.invoke(DelegatingMethodAccessorImpl.java:43)
at java.base/java.lang.reflect.Method.invoke(Method.java:568)
at io.appium.java_client.remote.AppiumProtocolHandshake.createSession(AppiumProtocolHandshake.java:133)
at io.appium.java_client.remote.AppiumProtocolHandshake.createSession(AppiumProtocolHandshake.java:102)
at io.appium.java_client.remote.AppiumCommandExecutor.createSession(AppiumCommandExecutor.java:177)
at io.appium.java_client.remote.AppiumCommandExecutor.execute(AppiumCommandExecutor.java:238)
at org.openqa.selenium.remote.RemoteWebDriver.execute(RemoteWebDriver.java:523)
at io.appium.java_client.AppiumDriver.startSession(AppiumDriver.java:268)
at org.openqa.selenium.remote.RemoteWebDriver.<init>(RemoteWebDriver.java:164)
at io.appium.java_client.AppiumDriver.<init>(AppiumDriver.java:90)
at io.appium.java_client.AppiumDriver.<init>(AppiumDriver.java:102)
at io.appium.java_client.android.AndroidDriver.<init>(AndroidDriver.java:109)
at COM.ASSOS.GENERIC.BaseAppiumClass.openApplication(BaseAppiumClass.java:65)
at java.base/jdk.internal.reflect.NativeMethodAccessorImpl.invoke0(Native Method)
at java.base/jdk.internal.reflect.NativeMethodAccessorImpl.invoke(NativeMethodAccessorImpl.java:77)
at java.base/jdk.internal.reflect.DelegatingMethodAccessorImpl.invoke(DelegatingMethodAccessorImpl.java:43)
at java.base/java.lang.reflect.Method.invoke(Method.java:568)
at org.testng.internal.MethodInvocationHelper.invokeMethod(MethodInvocationHelper.java:133)
at org.testng.internal.MethodInvocationHelper.invokeMethodConsideringTimeout(MethodInvocationHelper.java:62)
at org.testng.internal.ConfigInvoker.invokeConfigurationMethod(ConfigInvoker.java:385)
at org.testng.internal.ConfigInvoker.invokeConfigurations(ConfigInvoker.java:321)
at org.testng.internal.TestMethodWorker.invokeBeforeClassMethods(TestMethodWorker.java:176)
at org.testng.internal.TestMethodWorker.run(TestMethodWorker.java:122)
at java.base/java.util.ArrayList.forEach(ArrayList.java:1511)
at org.testng.TestRunner.privateRun(TestRunner.java:794)
at org.testng.TestRunner.run(TestRunner.java:596)
at org.testng.SuiteRunner.runTest(SuiteRunner.java:377)
at org.testng.SuiteRunner.runSequentially(SuiteRunner.java:371)
at org.testng.SuiteRunner.privateRun(SuiteRunner.java:332)
at org.testng.SuiteRunner.run(SuiteRunner.java:276)
at org.testng.SuiteRunnerWorker.runSuite(SuiteRunnerWorker.java:53)
at org.testng.SuiteRunnerWorker.run(SuiteRunnerWorker.java:96)
at org.testng.TestNG.runSuitesSequentially(TestNG.java:1212)
at org.testng.TestNG.runSuitesLocally(TestNG.java:1134)
at org.testng.TestNG.runSuites(TestNG.java:1063)
at org.testng.TestNG.run(TestNG.java:1031)
at org.testng.remote.AbstractRemoteTestNG.run(AbstractRemoteTestNG.java:115)
at org.testng.remote.RemoteTestNG.initAndRun(RemoteTestNG.java:251)
at org.testng.remote.RemoteTestNG.main(RemoteTestNG.java:77)
]]>
    </failure>
  </testcase> <!-- @BeforeClass openApplication -->
  <testcase classname="COM.ASSOS.GENERIC.BaseAppiumClass" name="@BeforeMethod setLogin" time="-1.702971581958E9">
    <skipped/>
  </testcase> <!-- @BeforeMethod setLogin -->
  <testcase classname="COM.ASSOS.GENERIC.BaseAppiumClass" name="@AfterClass closeApp" time="-1.702971581982E9">
    <skipped/>
  </testcase> <!-- @AfterClass closeApp -->
  <testcase classname="TESTSCRIPT.AddCartProduct" name="addCartPage" time="0.0">
    <skipped/>
  </testcase> <!-- addCartPage -->
</testsuite> <!-- Default test -->
